0 info it worked if it ends with ok
1 verbose cli [ '/home/rob/.nvm/versions/node/v4.2.6/bin/node',
1 verbose cli   '/home/rob/.nvm/versions/node/v4.2.6/bin/npm',
1 verbose cli   'run',
1 verbose cli   'build' ]
2 info using npm@2.14.12
3 info using node@v4.2.6
4 verbose stack Error: Failed to parse json
4 verbose stack Trailing comma in object at 16:3
4 verbose stack   },
4 verbose stack   ^
4 verbose stack     at parseError (/home/rob/.nvm/versions/node/v4.2.6/lib/node_modules/npm/node_modules/read-package-json/read-json.js:379:11)
4 verbose stack     at parseJson (/home/rob/.nvm/versions/node/v4.2.6/lib/node_modules/npm/node_modules/read-package-json/read-json.js:68:23)
4 verbose stack     at /home/rob/.nvm/versions/node/v4.2.6/lib/node_modules/npm/node_modules/read-package-json/read-json.js:48:5
4 verbose stack     at /home/rob/.nvm/versions/node/v4.2.6/lib/node_modules/npm/node_modules/graceful-fs/graceful-fs.js:76:16
4 verbose stack     at FSReqWrap.readFileAfterClose [as oncomplete] (fs.js:380:3)
5 verbose cwd /home/rob/workspace/redux/battle
6 error Linux 4.2.0-27-generic
7 error argv "/home/rob/.nvm/versions/node/v4.2.6/bin/node" "/home/rob/.nvm/versions/node/v4.2.6/bin/npm" "run" "build"
8 error node v4.2.6
9 error npm  v2.14.12
10 error file /home/rob/workspace/redux/battle/package.json
11 error code EJSONPARSE
12 error Failed to parse json
12 error Trailing comma in object at 16:3
12 error   },
12 error   ^
13 error File: /home/rob/workspace/redux/battle/package.json
14 error Failed to parse package.json data.
14 error package.json must be actual JSON, not just JavaScript.
14 error
14 error This is not a bug in npm.
14 error Tell the package author to fix their package.json file. JSON.parse
15 verbose exit [ 1, true ]
